<?xml version="1.0" encoding="UTF-8"?>
<testsuite name="ua.k.co.play.rah2j.RunnerTest" tests="1" skipped="0" failures="0" errors="0" timestamp="2019-07-19T19:04:30" hostname="msangel" time="0.007">
  <properties/>
  <testcase name="add" classname="ua.k.co.play.rah2j.RunnerTest" time="0.007"/>
  <system-out><![CDATA[running add
]]></system-out>
  <system-err><![CDATA[]]></system-err>
</testsuite>
